<?xml version="1.0" encoding="UTF-8"?>
<!-- Generated by org.testng.reporters.JUnitReportReporter -->
<testsuite skipped="0" hostname="DESKTOP-6J5OR08" name="com.shaadi.automation.testrunner.TestRunner" tests="1" failures="0" timestamp="29 Jul 2019 04:40:28 GMT" time="34.785" errors="0">
  <testcase name="feature" time="34.785" classname="com.shaadi.automation.testrunner.TestRunner"/>
</testsuite> <!-- com.shaadi.automation.testrunner.TestRunner -->
